TN:
SF:/tmp/forest/file_check_witness_2.c
FN:43,main
#FN:105
FN:13,__VERIFIER_assert
#FN:37
FNDA:1,main
DA:24,0
DA:29,0
DA:28,0
DA:31,0
DA:30,0
DA:35,0
DA:32,0
DA:33,0
DA:36,0
DA:51,1
DA:50,1
DA:49,1
DA:48,1
DA:55,0
DA:54,0
DA:53,1
DA:52,1
DA:59,0
DA:58,0
DA:57,0
DA:56,0
DA:63,0
DA:62,0
DA:61,0
DA:60,0
DA:68,0
DA:69,0
DA:70,0
DA:71,0
DA:64,0
DA:65,0
DA:66,0
DA:67,0
DA:76,0
DA:77,0
DA:78,0
DA:79,0
DA:72,0
DA:73,0
DA:74,0
DA:75,0
DA:85,0
DA:84,0
DA:87,0
DA:86,0
DA:81,0
DA:80,0
DA:83,0
DA:82,0
DA:93,0
DA:92,0
DA:95,0
DA:94,0
DA:89,0
DA:88,0
DA:91,0
DA:90,0
DA:102,0
DA:103,0
DA:100,0
DA:101,0
DA:98,0
DA:99,0
DA:96,0
DA:97,0
DA:104,0
end_of_record
